#
# There is insufficient memory for the Java Runtime Environment to continue.
# Native memory allocation (mmap) failed to map 12582912 bytes for G1 virtual space
# Possible reasons:
#   The system is out of physical RAM or swap space
#   The process is running with CompressedOops enabled, and the Java Heap may be blocking the growth of the native heap
# Possible solutions:
#   Reduce memory load on the system
#   Increase physical memory or swap space
#   Check if swap backing store is full
#   Decrease Java heap size (-Xmx/-Xms)
#   Decrease number of Java threads
#   Decrease Java thread stack sizes (-Xss)
#   Set larger code cache with -XX:ReservedCodeCacheSize=
#   JVM is running with Unscaled Compressed Oops mode in which the Java heap is
#     placed in the first 4GB address space. The Java Heap base address is the
#     maximum limit for the native heap growth. Please use -XX:HeapBaseMinAddress
#     to set the Java Heap base and to place the Java Heap above 4GB virtual address.
# This output file may be truncated or incomplete.
#
#  Out of Memory Error (os_windows.cpp:3617), pid=17876, tid=23436
#
# JRE version: OpenJDK Runtime Environment Temurin-17.0.8.1+1 (17.0.8.1+1) (build 17.0.8.1+1)
# Java VM: OpenJDK 64-Bit Server VM Temurin-17.0.8.1+1 (17.0.8.1+1, mixed mode, emulated-client, tiered, compressed oops, compressed class ptrs, g1 gc, windows-amd64)
# No core dump will be written. Minidumps are not enabled by default on client versions of Windows
#

---------------  S U M M A R Y ------------

Command Line: -Dcom.sun.management.jmxremote -Dcom.sun.management.jmxremote.port=58203 -Dcom.sun.management.jmxremote.authenticate=false -Dcom.sun.management.jmxremote.ssl=false -Djava.rmi.server.hostname=localhost -Dspring.jmx.enabled=true -Dmanagement.endpoints.jmx.exposure.include=* -Dspring.application.admin.enabled=true -XX:TieredStopAtLevel=1 -Dspring.boot.project.name=WhatchlistApp -Dfile.encoding=UTF-8 -Dstdout.encoding=UTF-8 -Dstderr.encoding=UTF-8 -XX:+ShowCodeDetailsInExceptionMessages com.example.prajjwal.watchlistApp.WhatchlistAppApplication --spring.output.ansi.enabled=always

Host: AMD Ryzen 7 4800H with Radeon Graphics         , 16 cores, 7G,  Windows 11 , 64 bit Build 22621 (10.0.22621.2506)
Time: Thu Dec 28 20:15:42 2023 India Standard Time elapsed time: 3.100649 seconds (0d 0h 0m 3s)

---------------  T H R E A D  ---------------

Current thread (0x0000021c5496f730):  VMThread "VM Thread" [stack: 0x0000004dc4400000,0x0000004dc4500000] [id=23436]

Stack: [0x0000004dc4400000,0x0000004dc4500000]
Native frames: (J=compiled Java code, j=interpreted, Vv=VM code, C=native code)
V  [jvm.dll+0x678b0a]
V  [jvm.dll+0x835e84]
V  [jvm.dll+0x83762e]
V  [jvm.dll+0x837c93]
V  [jvm.dll+0x24746f]
V  [jvm.dll+0x675859]
V  [jvm.dll+0x66a0ea]
V  [jvm.dll+0x306c7b]
V  [jvm.dll+0x30e166]
V  [jvm.dll+0x35dd3e]
V  [jvm.dll+0x35df6f]
V  [jvm.dll+0x2ddb48]
V  [jvm.dll+0x2dbd0c]
V  [jvm.dll+0x2db2dc]
V  [jvm.dll+0x31f18b]
V  [jvm.dll+0x83c15b]
V  [jvm.dll+0x83ce94]
V  [jvm.dll+0x83d3ac]
V  [jvm.dll+0x83d784]
V  [jvm.dll+0x83d850]
V  [jvm.dll+0x7e64ca]
V  [jvm.dll+0x677955]
C  [ucrtbase.dll+0x29363]
C  [KERNEL32.DLL+0x1257d]
C  [ntdll.dll+0x5aa58]

VM_Operation (0x0000004dc3efb6e0): G1CollectForAllocation, mode: safepoint, requested by thread 0x0000021c46515cd0


---------------  P R O C E S S  ---------------

Threads class SMR info:
_java_thread_list=0x0000021c5a78d3a0, length=32, elements={
0x0000021c46515cd0, 0x0000021c548353c0, 0x0000021c54835f50, 0x0000021c5483df80,
0x0000021c5483e9b0, 0x0000021c549a1680, 0x0000021c549a1f50, 0x0000021c549a2820,
0x0000021c549ae640, 0x0000021c547cea20, 0x0000021c54afa770, 0x0000021c54b23040,
0x0000021c54b435d0, 0x0000021c54b8e8e0, 0x0000021c593de260, 0x0000021c59394fe0,
0x0000021c59569040, 0x0000021c595e0020, 0x0000021c597ee820, 0x0000021c597fd650,
0x0000021c59b77b90, 0x0000021c5a060400, 0x0000021c5a01fc10, 0x0000021c5a14f8a0,
0x0000021c5a14c410, 0x0000021c5a197d00, 0x0000021c5a198220, 0x0000021c5a198f50,
0x0000021c59b748f0, 0x0000021c59b76240, 0x0000021c59b74e00, 0x0000021c59b75310
}

Java Threads: ( => current thread )
  0x0000021c46515cd0 JavaThread "main" [_thread_blocked, id=188, stack(0x0000004dc3e00000,0x0000004dc3f00000)]
  0x0000021c548353c0 JavaThread "Reference Handler" daemon [_thread_blocked, id=22720, stack(0x0000004dc4500000,0x0000004dc4600000)]
  0x0000021c54835f50 JavaThread "Finalizer" daemon [_thread_blocked, id=21416, stack(0x0000004dc4600000,0x0000004dc4700000)]
  0x0000021c5483df80 JavaThread "Signal Dispatcher" daemon [_thread_blocked, id=17572, stack(0x0000004dc4700000,0x0000004dc4800000)]
  0x0000021c5483e9b0 JavaThread "Attach Listener" daemon [_thread_blocked, id=5036, stack(0x0000004dc4800000,0x0000004dc4900000)]
  0x0000021c549a1680 JavaThread "Service Thread" daemon [_thread_blocked, id=10016, stack(0x0000004dc4900000,0x0000004dc4a00000)]
  0x0000021c549a1f50 JavaThread "Monitor Deflation Thread" daemon [_thread_blocked, id=9220, stack(0x0000004dc4a00000,0x0000004dc4b00000)]
  0x0000021c549a2820 JavaThread "C1 CompilerThread0" daemon [_thread_blocked, id=21404, stack(0x0000004dc4b00000,0x0000004dc4c00000)]
  0x0000021c549ae640 JavaThread "Sweeper thread" daemon [_thread_blocked, id=4420, stack(0x0000004dc4c00000,0x0000004dc4d00000)]
  0x0000021c547cea20 JavaThread "Common-Cleaner" daemon [_thread_blocked, id=20420, stack(0x0000004dc4d00000,0x0000004dc4e00000)]
  0x0000021c54afa770 JavaThread "C1 CompilerThread1" daemon [_thread_blocked, id=2996, stack(0x0000004dc4e00000,0x0000004dc4f00000)]
  0x0000021c54b23040 JavaThread "C1 CompilerThread2" daemon [_thread_blocked, id=1620, stack(0x0000004dc4f00000,0x0000004dc5000000)]
  0x0000021c54b435d0 JavaThread "C1 CompilerThread3" daemon [_thread_blocked, id=22760, stack(0x0000004dc5000000,0x0000004dc5100000)]
  0x0000021c54b8e8e0 JavaThread "Notification Thread" daemon [_thread_blocked, id=5896, stack(0x0000004dc5100000,0x0000004dc5200000)]
  0x0000021c593de260 JavaThread "RMI TCP Accept-0" daemon [_thread_in_native, id=10476, stack(0x0000004dc5200000,0x0000004dc5300000)]
  0x0000021c59394fe0 JavaThread "RMI TCP Accept-58203" daemon [_thread_in_native, id=23704, stack(0x0000004dc5300000,0x0000004dc5400000)]
  0x0000021c59569040 JavaThread "RMI TCP Accept-0" daemon [_thread_in_native, id=20240, stack(0x0000004dc5400000,0x0000004dc5500000)]
  0x0000021c595e0020 JavaThread "RMI TCP Connection(1)-127.0.0.1" daemon [_thread_in_native, id=10544, stack(0x0000004dc5600000,0x0000004dc5700000)]
  0x0000021c597ee820 JavaThread "RMI Scheduler(0)" daemon [_thread_blocked, id=17156, stack(0x0000004dc5700000,0x0000004dc5800000)]
  0x0000021c597fd650 JavaThread "RMI TCP Connection(2)-127.0.0.1" daemon [_thread_in_native, id=3584, stack(0x0000004dc5800000,0x0000004dc5900000)]
  0x0000021c59b77b90 JavaThread "JMX server connection timeout 30" daemon [_thread_blocked, id=17372, stack(0x0000004dc5900000,0x0000004dc5a00000)]
  0x0000021c5a060400 JavaThread "C1 CompilerThread4" daemon [_thread_blocked, id=5744, stack(0x0000004dc6900000,0x0000004dc6a00000)]
  0x0000021c5a01fc10 JavaThread "C1 CompilerThread5" daemon [_thread_blocked, id=3220, stack(0x0000004dc6a00000,0x0000004dc6b00000)]
  0x0000021c5a14f8a0 JavaThread "C1 CompilerThread6" daemon [_thread_blocked, id=24496, stack(0x0000004dc6800000,0x0000004dc6900000)]
  0x0000021c5a14c410 JavaThread "C1 CompilerThread7" daemon [_thread_blocked, id=20816, stack(0x0000004dc6b00000,0x0000004dc6c00000)]
  0x0000021c5a197d00 JavaThread "C1 CompilerThread8" daemon [_thread_blocked, id=10780, stack(0x0000004dc6c00000,0x0000004dc6d00000)]
  0x0000021c5a198220 JavaThread "C1 CompilerThread9" daemon [_thread_blocked, id=17640, stack(0x0000004dc6d00000,0x0000004dc6e00000)]
  0x0000021c5a198f50 JavaThread "C1 CompilerThread10" daemon [_thread_blocked, id=21444, stack(0x0000004dc6e00000,0x0000004dc6f00000)]
  0x0000021c59b748f0 JavaThread "Catalina-utility-1" [_thread_blocked, id=9080, stack(0x0000004dc6200000,0x0000004dc6300000)]
  0x0000021c59b76240 JavaThread "Catalina-utility-2" [_thread_blocked, id=2088, stack(0x0000004dc7000000,0x0000004dc7100000)]
  0x0000021c59b74e00 JavaThread "container-0" [_thread_blocked, id=23868, stack(0x0000004dc7100000,0x0000004dc7200000)]
  0x0000021c59b75310 JavaThread "mysql-cj-abandoned-connection-cleanup" daemon [_thread_blocked, id=16468, stack(0x0000004dc7200000,0x0000004dc7300000)]

Other Threads:
=>0x0000021c5496f730 VMThread "VM Thread" [stack: 0x0000004dc4400000,0x0000004dc4500000] [id=23436]
  0x0000021c46516a60 WatcherThread [stack: 0x0000004dc5500000,0x0000004dc5600000] [id=17516]
  0x0000021c46576210 GCTaskThread "GC Thread#0" [stack: 0x0000004dc3f00000,0x0000004dc4000000] [id=16440]
  0x0000021c59bfbd90 GCTaskThread "GC Thread#1" [stack: 0x0000004dc5a00000,0x0000004dc5b00000] [id=10896]
  0x0000021c59c2e8c0 GCTaskThread "GC Thread#2" [stack: 0x0000004dc5b00000,0x0000004dc5c00000] [id=3012]
  0x0000021c59c2eb80 GCTaskThread "GC Thread#3" [stack: 0x0000004dc5c00000,0x0000004dc5d00000] [id=18564]
  0x0000021c59c2ee40 GCTaskThread "GC Thread#4" [stack: 0x0000004dc5d00000,0x0000004dc5e00000] [id=17436]
  0x0000021c59c2f100 GCTaskThread "GC Thread#5" [stack: 0x0000004dc5e00000,0x0000004dc5f00000] [id=17892]
  0x0000021c59c2f9d0 GCTaskThread "GC Thread#6" [stack: 0x0000004dc5f00000,0x0000004dc6000000] [id=14264]
  0x0000021c59c304a0 GCTaskThread "GC Thread#7" [stack: 0x0000004dc6000000,0x0000004dc6100000] [id=18952]
  0x0000021c59c32b80 GCTaskThread "GC Thread#8" [stack: 0x0000004dc6100000,0x0000004dc6200000] [id=21628]
  0x0000021c59d760c0 GCTaskThread "GC Thread#9" [stack: 0x0000004dc6300000,0x0000004dc6400000] [id=12592]
  0x0000021c59e24260 GCTaskThread "GC Thread#10" [stack: 0x0000004dc6400000,0x0000004dc6500000] [id=18572]
  0x0000021c59e84bf0 GCTaskThread "GC Thread#11" [stack: 0x0000004dc6700000,0x0000004dc6800000] [id=9548]
  0x0000021c59e84eb0 GCTaskThread "GC Thread#12" [stack: 0x0000004dc6f00000,0x0000004dc7000000] [id=10568]
  0x0000021c46585df0 ConcurrentGCThread "G1 Main Marker" [stack: 0x0000004dc4000000,0x0000004dc4100000] [id=13992]
  0x0000021c46586eb0 ConcurrentGCThread "G1 Conc#0" [stack: 0x0000004dc4100000,0x0000004dc4200000] [id=20168]
  0x0000021c59e85170 ConcurrentGCThread "G1 Conc#1" [stack: 0x0000004dc6500000,0x0000004dc6600000] [id=14304]
  0x0000021c59e856f0 ConcurrentGCThread "G1 Conc#2" [stack: 0x0000004dc6600000,0x0000004dc6700000] [id=1632]
  0x0000021c5469b1e0 ConcurrentGCThread "G1 Refine#0" [stack: 0x0000004dc4200000,0x0000004dc4300000] [id=19196]
  0x0000021c5469bb20 ConcurrentGCThread "G1 Service" [stack: 0x0000004dc4300000,0x0000004dc4400000] [id=18648]

Threads with active compile tasks:

VM state: at safepoint (normal execution)

VM Mutex/Monitor currently owned by a thread:  ([mutex/lock_event])
[0x0000021c46511f40] Threads_lock - owner thread: 0x0000021c5496f730
[0x0000021c46512060] Heap_lock - owner thread: 0x0000021c46515cd0

Heap address: 0x0000000089400000, size: 1900 MB, Compressed Oops mode: 32-bit

CDS archive(s) not mapped
Compressed class space mapped at: 0x0000000100000000-0x0000000140000000, reserved size: 1073741824
Narrow klass base: 0x0000000000000000, Narrow klass shift: 3, Narrow klass range: 0x140000000

GC Precious Log:
 CPUs: 16 total, 16 available
 Memory: 7597M
 Large Page Support: Disabled
 NUMA Support: Disabled
 Compressed Oops: Enabled (32-bit)
 Heap Region Size: 1M
 Heap Min Capacity: 8M
 Heap Initial Capacity: 120M
 Heap Max Capacity: 1900M
 Pre-touch: Disabled
 Parallel Workers: 13
 Concurrent Workers: 3
 Concurrent Refinement Workers: 13
 Periodic GC: Disabled

Heap:
 garbage-first heap   total 61440K, used 21096K [0x0000000089400000, 0x0000000100000000)
  region size 1024K, 3 young (3072K), 3 survivors (3072K)
 Metaspace       used 48268K, committed 48768K, reserved 1114112K
  class space    used 6309K, committed 6528K, reserved 1048576K

Heap Regions: E=young(eden), S=young(survivor), O=old, HS=humongous(starts), HC=humongous(continues), CS=collection set, F=free, OA=open archive, CA=closed archive, TAMS=top-at-mark-start (previous, next)
|   0|0x0000000089400000, 0x0000000089500000, 0x0000000089500000|100%|HS|  |TAMS 0x0000000089500000, 0x0000000089400000| Complete 
|   1|0x0000000089500000, 0x0000000089600000, 0x0000000089600000|100%| O|  |TAMS 0x0000000089600000, 0x0000000089500000| Untracked 
|   2|0x0000000089600000, 0x0000000089700000, 0x0000000089700000|100%| O|  |TAMS 0x0000000089700000, 0x0000000089600000| Untracked 
|   3|0x0000000089700000, 0x0000000089800000, 0x0000000089800000|100%| O|  |TAMS 0x0000000089800000, 0x0000000089700000| Untracked 
|   4|0x0000000089800000, 0x0000000089900000, 0x0000000089900000|100%| O|  |TAMS 0x0000000089900000, 0x0000000089800000| Untracked 
|   5|0x0000000089900000, 0x0000000089a00000, 0x0000000089a00000|100%| O|  |TAMS 0x0000000089a00000, 0x0000000089900000| Untracked 
|   6|0x0000000089a00000, 0x0000000089b00000, 0x0000000089b00000|100%| O|  |TAMS 0x0000000089b00000, 0x0000000089a00000| Untracked 
|   7|0x0000000089b00000, 0x0000000089b6cc00, 0x0000000089c00000| 42%| O|  |TAMS 0x0000000089b00000, 0x0000000089b00000| Untracked 
|   8|0x0000000089c00000, 0x0000000089d00000, 0x0000000089d00000|100%| O|  |TAMS 0x0000000089d00000, 0x0000000089c00000| Untracked 
|   9|0x0000000089d00000, 0x0000000089e00000, 0x0000000089e00000|100%| O|  |TAMS 0x0000000089e00000, 0x0000000089d00000| Untracked 
|  10|0x0000000089e00000, 0x0000000089f00000, 0x0000000089f00000|100%| O|  |TAMS 0x0000000089f00000, 0x0000000089e00000| Untracked 
|  11|0x0000000089f00000, 0x000000008a000000, 0x000000008a000000|100%| O|  |TAMS 0x0000000089f21a00, 0x0000000089f00000| Untracked 
|  12|0x000000008a000000, 0x000000008a100000, 0x000000008a100000|100%| O|  |TAMS 0x000000008a000000, 0x000000008a000000| Untracked 
|  13|0x000000008a100000, 0x000000008a200000, 0x000000008a200000|100%| O|  |TAMS 0x000000008a100000, 0x000000008a100000| Untracked 
|  14|0x000000008a200000, 0x000000008a300000, 0x000000008a300000|100%| O|  |TAMS 0x000000008a200000, 0x000000008a200000| Untracked 
|  15|0x000000008a300000, 0x000000008a400000, 0x000000008a400000|100%| O|  |TAMS 0x000000008a300000, 0x000000008a300000| Untracked 
|  16|0x000000008a400000, 0x000000008a500000, 0x000000008a500000|100%| O|  |TAMS 0x000000008a400000, 0x000000008a400000| Untracked 
|  17|0x000000008a500000, 0x000000008a600000, 0x000000008a600000|100%| O|  |TAMS 0x000000008a500000, 0x000000008a500000| Untracked 
|  18|0x000000008a600000, 0x000000008a6d8200, 0x000000008a700000| 84%| O|  |TAMS 0x000000008a600000, 0x000000008a600000| Untracked 
|  19|0x000000008a700000, 0x000000008a700000, 0x000000008a800000|  0%| F|  |TAMS 0x000000008a700000, 0x000000008a700000| Untracked 
|  20|0x000000008a800000, 0x000000008a800000, 0x000000008a900000|  0%| F|  |TAMS 0x000000008a800000, 0x000000008a800000| Untracked 
|  21|0x000000008a900000, 0x000000008a900000, 0x000000008aa00000|  0%| F|  |TAMS 0x000000008a900000, 0x000000008a900000| Untracked 
|  22|0x000000008aa00000, 0x000000008aa00000, 0x000000008ab00000|  0%| F|  |TAMS 0x000000008aa00000, 0x000000008aa00000| Untracked 
|  23|0x000000008ab00000, 0x000000008ab00000, 0x000000008ac00000|  0%| F|  |TAMS 0x000000008ab00000, 0x000000008ab00000| Untracked 
|  24|0x000000008ac00000, 0x000000008ac00000, 0x000000008ad00000|  0%| F|  |TAMS 0x000000008ac00000, 0x000000008ac00000| Untracked 
|  25|0x000000008ad00000, 0x000000008ad00000, 0x000000008ae00000|  0%| F|  |TAMS 0x000000008ad00000, 0x000000008ad00000| Untracked 
|  26|0x000000008ae00000, 0x000000008ae00000, 0x000000008af00000|  0%| F|  |TAMS 0x000000008ae00000, 0x000000008ae00000| Untracked 
|  27|0x000000008af00000, 0x000000008af00000, 0x000000008b000000|  0%| F|  |TAMS 0x000000008af00000, 0x000000008af00000| Untracked 
|  28|0x000000008b000000, 0x000000008b000000, 0x000000008b100000|  0%| F|  |TAMS 0x000000008b000000, 0x000000008b000000| Untracked 
|  29|0x000000008b100000, 0x000000008b100000, 0x000000008b200000|  0%| F|  |TAMS 0x000000008b100000, 0x000000008b100000| Untracked 
|  30|0x000000008b200000, 0x000000008b200000, 0x000000008b300000|  0%| F|  |TAMS 0x000000008b200000, 0x000000008b200000| Untracked 
|  31|0x000000008b300000, 0x000000008b300000, 0x000000008b400000|  0%| F|  |TAMS 0x000000008b300000, 0x000000008b300000| Untracked 
|  32|0x000000008b400000, 0x000000008b455518, 0x000000008b500000| 33%| S|CS|TAMS 0x000000008b400000, 0x000000008b400000| Complete 
|  33|0x000000008b500000, 0x000000008b600000, 0x000000008b600000|100%| S|CS|TAMS 0x000000008b500000, 0x000000008b500000| Complete 
|  34|0x000000008b600000, 0x000000008b700000, 0x000000008b700000|100%| S|CS|TAMS 0x000000008b600000, 0x000000008b600000| Complete 
|  35|0x000000008b700000, 0x000000008b700000, 0x000000008b800000|  0%| F|  |TAMS 0x000000008b700000, 0x000000008b700000| Untracked 
|  36|0x000000008b800000, 0x000000008b800000, 0x000000008b900000|  0%| F|  |TAMS 0x000000008b800000, 0x000000008b800000| Untracked 
|  37|0x000000008b900000, 0x000000008b900000, 0x000000008ba00000|  0%| F|  |TAMS 0x000000008b900000, 0x000000008b900000| Untracked 
|  38|0x000000008ba00000, 0x000000008ba00000, 0x000000008bb00000|  0%| F|  |TAMS 0x000000008ba00000, 0x000000008ba00000| Untracked 
|  39|0x000000008bb00000, 0x000000008bb00000, 0x000000008bc00000|  0%| F|  |TAMS 0x000000008bb00000, 0x000000008bb00000| Untracked 
|  40|0x000000008bc00000, 0x000000008bc00000, 0x000000008bd00000|  0%| F|  |TAMS 0x000000008bc00000, 0x000000008bc00000| Untracked 
|  41|0x000000008bd00000, 0x000000008bd00000, 0x000000008be00000|  0%| F|  |TAMS 0x000000008bd00000, 0x000000008bd00000| Untracked 
|  42|0x000000008be00000, 0x000000008be00000, 0x000000008bf00000|  0%| F|  |TAMS 0x000000008be00000, 0x000000008be00000| Untracked 
|  43|0x000000008bf00000, 0x000000008bf00000, 0x000000008c000000|  0%| F|  |TAMS 0x000000008bf00000, 0x000000008bf00000| Untracked 
|  44|0x000000008c000000, 0x000000008c000000, 0x000000008c100000|  0%| F|  |TAMS 0x000000008c000000, 0x000000008c000000| Untracked 
|  45|0x000000008c100000, 0x000000008c100000, 0x000000008c200000|  0%| F|  |TAMS 0x000000008c100000, 0x000000008c100000| Untracked 
|  46|0x000000008c200000, 0x000000008c200000, 0x000000008c300000|  0%| F|  |TAMS 0x000000008c200000, 0x000000008c200000| Untracked 
|  47|0x000000008c300000, 0x000000008c300000, 0x000000008c400000|  0%| F|  |TAMS 0x000000008c300000, 0x000000008c300000| Untracked 
|  48|0x000000008c400000, 0x000000008c400000, 0x000000008c500000|  0%| F|  |TAMS 0x000000008c400000, 0x000000008c400000| Untracked 
|  49|0x000000008c500000, 0x000000008c500000, 0x000000008c600000|  0%| F|  |TAMS 0x000000008c500000, 0x000000008c500000| Untracked 
|  50|0x000000008c600000, 0x000000008c600000, 0x000000008c700000|  0%| F|  |TAMS 0x000000008c600000, 0x000000008c600000| Untracked 
|  51|0x000000008c700000, 0x000000008c700000, 0x000000008c800000|  0%| F|  |TAMS 0x000000008c700000, 0x000000008c700000| Untracked 
|  52|0x000000008c800000, 0x000000008c800000, 0x000000008c900000|  0%| F|  |TAMS 0x000000008c800000, 0x000000008c800000| Untracked 
|  53|0x000000008c900000, 0x000000008c900000, 0x000000008ca00000|  0%| F|  |TAMS 0x000000008c900000, 0x000000008c900000| Untracked 
|  54|0x000000008ca00000, 0x000000008ca00000, 0x000000008cb00000|  0%| F|  |TAMS 0x000000008ca00000, 0x000000008ca00000| Untracked 
|  55|0x000000008cb00000, 0x000000008cb00000, 0x000000008cc00000|  0%| F|  |TAMS 0x000000008cb00000, 0x000000008cb00000| Untracked 
|  56|0x000000008cc00000, 0x000000008cc00000, 0x000000008cd00000|  0%| F|  |TAMS 0x000000008cc00000, 0x000000008cc00000| Untracked 
|  57|0x000000008cd00000, 0x000000008cd00000, 0x000000008ce00000|  0%| F|  |TAMS 0x000000008cd00000, 0x000000008cd00000| Untracked 
|  58|0x000000008ce00000, 0x000000008ce00000, 0x000000008cf00000|  0%| F|  |TAMS 0x000000008ce00000, 0x000000008ce00000| Untracked 
| 119|0x0000000090b00000, 0x0000000090b00000, 0x0000000090c00000|  0%| F|  |TAMS 0x0000000090b00000, 0x0000000090b00000| Untracked 

Card table byte_map: [0x0000021c4d5e0000,0x0000021c4d9a0000] _byte_map_base: 0x0000021c4d196000

Marking Bits (Prev, Next): (CMBitMap*) 0x0000021c46576740, (CMBitMap*) 0x0000021c46576780
 Prev Bits: [0x0000021c4dd60000, 0x0000021c4fb10000)
 Next Bits: [0x0000021c4fb10000, 0x0000021c518c0000)

Polling page: 0x0000021c444d0000

Metaspace:

Usage:
  Non-class:     40.98 MB used.
      Class:      6.16 MB used.
       Both:     47.14 MB used.

Virtual space:
  Non-class space:       64.00 MB reserved,      41.25 MB ( 64%) committed,  1 nodes.
      Class space:        1.00 GB reserved,       6.38 MB ( <1%) committed,  1 nodes.
             Both:        1.06 GB reserved,      47.62 MB (  4%) committed. 

Chunk freelists:
   Non-Class:  6.36 MB
       Class:  9.58 MB
        Both:  15.94 MB

MaxMetaspaceSize: unlimited
CompressedClassSpaceSize: 1.00 GB
Initial GC threshold: 21.00 MB
Current GC threshold: 58.69 MB
CDS: off
MetaspaceReclaimPolicy: balanced
 - commit_granule_bytes: 65536.
 - commit_granule_words: 8192.
 - virtual_space_node_default_size: 8388608.
 - enlarge_chunks_in_place: 1.
 - new_chunks_are_fully_committed: 0.
 - uncommit_free_chunks: 1.
 - use_allocation_guard: 0.
 - handle_deallocations: 1.


Internal statistics:

num_allocs_failed_limit: 8.
num_arena_births: 622.
num_arena_deaths: 0.
num_vsnodes_births: 2.
num_vsnodes_deaths: 0.
num_space_committed: 762.
num_space_uncommitted: 0.
num_chunks_returned_to_freelist: 8.
num_chunks_taken_from_freelist: 1991.
num_chunk_merges: 8.
num_chunk_splits: 1418.
num_chunks_enlarged: 1061.
num_inconsistent_stats: 0.

CodeCache: size=49152Kb used=12575Kb max_used=12575Kb free=36576Kb
 bounds [0x0000021c49bc0000, 0x0000021c4a810000, 0x0000021c4cbc0000]
 total_blobs=4322 nmethods=3759 adapters=480
 compilation: enabled
              stopped_count=0, restarted_count=0
 full_count=0

Compilation events (20 events):
Event: 3.087 Thread 0x0000021c5a197d00 3750       1       sun.security.ssl.CipherSuite::<init> (112 bytes)
Event: 3.087 Thread 0x0000021c5a197d00 nmethod 3750 0x0000021c4a804910 code [0x0000021c4a804b00, 0x0000021c4a8052a8]
Event: 3.087 Thread 0x0000021c5a198f50 3751       1       java.lang.Integer::equals (29 bytes)
Event: 3.088 Thread 0x0000021c5a198f50 nmethod 3751 0x0000021c4a805510 code [0x0000021c4a8056a0, 0x0000021c4a805838]
Event: 3.088 Thread 0x0000021c54b23040 3752       1       java.util.regex.Matcher::reset (128 bytes)
Event: 3.088 Thread 0x0000021c54b23040 nmethod 3752 0x0000021c4a805910 code [0x0000021c4a805ac0, 0x0000021c4a805cb8]
Event: 3.088 Thread 0x0000021c54b23040 3753       1       java.util.regex.ASCII::toLower (16 bytes)
Event: 3.088 Thread 0x0000021c54b435d0 3754       1       java.util.regex.ASCII::isUpper (18 bytes)
Event: 3.088 Thread 0x0000021c54b23040 nmethod 3753 0x0000021c4a805e10 code [0x0000021c4a805fa0, 0x0000021c4a806078]
Event: 3.088 Thread 0x0000021c5a198220 3755       1       java.util.regex.Pattern$SliceI::match (96 bytes)
Event: 3.088 Thread 0x0000021c54b435d0 nmethod 3754 0x0000021c4a806110 code [0x0000021c4a8062a0, 0x0000021c4a806378]
Event: 3.089 Thread 0x0000021c5a198220 nmethod 3755 0x0000021c4a806410 code [0x0000021c4a8065c0, 0x0000021c4a806838]
Event: 3.089 Thread 0x0000021c5a198220 3756       1       java.nio.ByteBuffer::order (48 bytes)
Event: 3.089 Thread 0x0000021c5a198220 nmethod 3756 0x0000021c4a806990 code [0x0000021c4a806b20, 0x0000021c4a806c38]
Event: 3.090 Thread 0x0000021c5a198220 3757       1       jdk.internal.jimage.ImageLocation::getAttribute (44 bytes)
Event: 3.090 Thread 0x0000021c5a060400 3759       1       jdk.internal.jimage.ImageBufferCache$2::compare (12 bytes)
Event: 3.090 Thread 0x0000021c5a198f50 3758       1       jdk.internal.jimage.ImageBufferCache$2::compare (13 bytes)
Event: 3.090 Thread 0x0000021c5a060400 nmethod 3759 0x0000021c4a806c90 code [0x0000021c4a806e40, 0x0000021c4a807058]
Event: 3.090 Thread 0x0000021c5a198f50 nmethod 3758 0x0000021c4a807190 code [0x0000021c4a807360, 0x0000021c4a807618]
Event: 3.090 Thread 0x0000021c5a198220 nmethod 3757 0x0000021c4a807790 code [0x0000021c4a807980, 0x0000021c4a807d78]

GC Heap History (17 events):
Event: 0.752 GC heap before
{Heap before GC invocations=0 (full 0):
 garbage-first heap   total 122880K, used 23552K [0x0000000089400000, 0x0000000100000000)
  region size 1024K, 23 young (23552K), 0 survivors (0K)
 Metaspace       used 16018K, committed 16256K, reserved 1114112K
  class space    used 1721K, committed 1856K, reserved 1048576K
}
Event: 0.760 GC heap after
{Heap after GC invocations=1 (full 0):
 garbage-first heap   total 122880K, used 8000K [0x0000000089400000, 0x0000000100000000)
  region size 1024K, 3 young (3072K), 3 survivors (3072K)
 Metaspace       used 16018K, committed 16256K, reserved 1114112K
  class space    used 1721K, committed 1856K, reserved 1048576K
}
Event: 1.056 GC heap before
{Heap before GC invocations=1 (full 0):
 garbage-first heap   total 122880K, used 30528K [0x0000000089400000, 0x0000000100000000)
  region size 1024K, 27 young (27648K), 3 survivors (3072K)
 Metaspace       used 21283K, committed 21504K, reserved 1114112K
  class space    used 2496K, committed 2624K, reserved 1048576K
}
Event: 1.061 GC heap after
{Heap after GC invocations=2 (full 0):
 garbage-first heap   total 122880K, used 9498K [0x0000000089400000, 0x0000000100000000)
  region size 1024K, 2 young (2048K), 2 survivors (2048K)
 Metaspace       used 21283K, committed 21504K, reserved 1114112K
  class space    used 2496K, committed 2624K, reserved 1048576K
}
Event: 1.203 GC heap before
{Heap before GC invocations=3 (full 0):
 garbage-first heap   total 37888K, used 26906K [0x0000000089400000, 0x0000000100000000)
  region size 1024K, 20 young (20480K), 2 survivors (2048K)
 Metaspace       used 24363K, committed 24640K, reserved 1114112K
  class space    used 3017K, committed 3136K, reserved 1048576K
}
Event: 1.206 GC heap after
{Heap after GC invocations=4 (full 0):
 garbage-first heap   total 37888K, used 10463K [0x0000000089400000, 0x0000000100000000)
  region size 1024K, 3 young (3072K), 3 survivors (3072K)
 Metaspace       used 24363K, committed 24640K, reserved 1114112K
  class space    used 3017K, committed 3136K, reserved 1048576K
}
Event: 1.216 GC heap before
{Heap before GC invocations=4 (full 0):
 garbage-first heap   total 37888K, used 10463K [0x0000000089400000, 0x0000000100000000)
  region size 1024K, 4 young (4096K), 3 survivors (3072K)
 Metaspace       used 24570K, committed 24832K, reserved 1114112K
  class space    used 3044K, committed 3200K, reserved 1048576K
}
Event: 1.219 GC heap after
{Heap after GC invocations=5 (full 0):
 garbage-first heap   total 37888K, used 10825K [0x0000000089400000, 0x0000000100000000)
  region size 1024K, 1 young (1024K), 1 survivors (1024K)
 Metaspace       used 24570K, committed 24832K, reserved 1114112K
  class space    used 3044K, committed 3200K, reserved 1048576K
}
Event: 1.315 GC heap before
{Heap before GC invocations=5 (full 0):
 garbage-first heap   total 37888K, used 24137K [0x0000000089400000, 0x0000000100000000)
  region size 1024K, 15 young (15360K), 1 survivors (1024K)
 Metaspace       used 27619K, committed 27904K, reserved 1114112K
  class space    used 3347K, committed 3520K, reserved 1048576K
}
Event: 1.317 GC heap after
{Heap after GC invocations=6 (full 0):
 garbage-first heap   total 67584K, used 12029K [0x0000000089400000, 0x0000000100000000)
  region size 1024K, 2 young (2048K), 2 survivors (2048K)
 Metaspace       used 27619K, committed 27904K, reserved 1114112K
  class space    used 3347K, committed 3520K, reserved 1048576K
}
Event: 1.685 GC heap before
{Heap before GC invocations=6 (full 0):
 garbage-first heap   total 67584K, used 43773K [0x0000000089400000, 0x0000000100000000)
  region size 1024K, 34 young (34816K), 2 survivors (2048K)
 Metaspace       used 31777K, committed 32064K, reserved 1114112K
  class space    used 3955K, committed 4096K, reserved 1048576K
}
Event: 1.690 GC heap after
{Heap after GC invocations=7 (full 0):
 garbage-first heap   total 67584K, used 13967K [0x0000000089400000, 0x0000000100000000)
  region size 1024K, 4 young (4096K), 4 survivors (4096K)
 Metaspace       used 31777K, committed 32064K, reserved 1114112K
  class space    used 3955K, committed 4096K, reserved 1048576K
}
Event: 2.086 GC heap before
{Heap before GC invocations=7 (full 0):
 garbage-first heap   total 67584K, used 36495K [0x0000000089400000, 0x0000000100000000)
  region size 1024K, 27 young (27648K), 4 survivors (4096K)
 Metaspace       used 35621K, committed 35968K, reserved 1114112K
  class space    used 4555K, committed 4736K, reserved 1048576K
}
Event: 2.095 GC heap after
{Heap after GC invocations=8 (full 0):
 garbage-first heap   total 67584K, used 16068K [0x0000000089400000, 0x0000000100000000)
  region size 1024K, 5 young (5120K), 5 survivors (5120K)
 Metaspace       used 35621K, committed 35968K, reserved 1114112K
  class space    used 4555K, committed 4736K, reserved 1048576K
}
Event: 2.639 GC heap before
{Heap before GC invocations=9 (full 0):
 garbage-first heap   total 61440K, used 46788K [0x0000000089400000, 0x0000000100000000)
  region size 1024K, 36 young (36864K), 5 survivors (5120K)
 Metaspace       used 40978K, committed 41472K, reserved 1114112K
  class space    used 5279K, committed 5504K, reserved 1048576K
}
Event: 2.646 GC heap after
{Heap after GC invocations=10 (full 0):
 garbage-first heap   total 61440K, used 18889K [0x0000000089400000, 0x0000000100000000)
  region size 1024K, 5 young (5120K), 5 survivors (5120K)
 Metaspace       used 40978K, committed 41472K, reserved 1114112K
  class space    used 5279K, committed 5504K, reserved 1048576K
}
Event: 3.093 GC heap before
{Heap before GC invocations=10 (full 0):
 garbage-first heap   total 61440K, used 43465K [0x0000000089400000, 0x0000000100000000)
  region size 1024K, 30 young (30720K), 5 survivors (5120K)
 Metaspace       used 48268K, committed 48768K, reserved 1114112K
  class space    used 6309K, committed 6528K, reserved 1048576K
}

Dll operation events (9 events):
Event: 0.008 Loaded shared library C:\Users\ASUS\Downloads\sts-4.20.0.RELEASE\plugins\org.eclipse.justj.openjdk.hotspot.jre.full.win32.x86_64_17.0.8.v20230831-1047\jre\bin\java.dll
Event: 0.158 Loaded shared library C:\Users\ASUS\Downloads\sts-4.20.0.RELEASE\plugins\org.eclipse.justj.openjdk.hotspot.jre.full.win32.x86_64_17.0.8.v20230831-1047\jre\bin\jimage.dll
Event: 0.174 Loaded shared library C:\Users\ASUS\Downloads\sts-4.20.0.RELEASE\plugins\org.eclipse.justj.openjdk.hotspot.jre.full.win32.x86_64_17.0.8.v20230831-1047\jre\bin\net.dll
Event: 0.176 Loaded shared library C:\Users\ASUS\Downloads\sts-4.20.0.RELEASE\plugins\org.eclipse.justj.openjdk.hotspot.jre.full.win32.x86_64_17.0.8.v20230831-1047\jre\bin\nio.dll
Event: 0.181 Loaded shared library C:\Users\ASUS\Downloads\sts-4.20.0.RELEASE\plugins\org.eclipse.justj.openjdk.hotspot.jre.full.win32.x86_64_17.0.8.v20230831-1047\jre\bin\zip.dll
Event: 0.266 Loaded shared library C:\Users\ASUS\Downloads\sts-4.20.0.RELEASE\plugins\org.eclipse.justj.openjdk.hotspot.jre.full.win32.x86_64_17.0.8.v20230831-1047\jre\bin\management.dll
Event: 0.280 Loaded shared library C:\Users\ASUS\Downloads\sts-4.20.0.RELEASE\plugins\org.eclipse.justj.openjdk.hotspot.jre.full.win32.x86_64_17.0.8.v20230831-1047\jre\bin\management_ext.dll
Event: 2.350 Loaded shared library C:\Users\ASUS\Downloads\sts-4.20.0.RELEASE\plugins\org.eclipse.justj.openjdk.hotspot.jre.full.win32.x86_64_17.0.8.v20230831-1047\jre\bin\sunmscapi.dll
Event: 2.788 Loaded shared library C:\Users\ASUS\Downloads\sts-4.20.0.RELEASE\plugins\org.eclipse.justj.openjdk.hotspot.jre.full.win32.x86_64_17.0.8.v20230831-1047\jre\bin\verify.dll

Deoptimization events (6 events):
Event: 1.091 Thread 0x0000021c46515cd0 DEOPT PACKING pc=0x0000021c4a145999 sp=0x0000004dc3efd680
Event: 1.091 Thread 0x0000021c46515cd0 DEOPT UNPACKING pc=0x0000021c49c17143 sp=0x0000004dc3efcb60 mode 3
Event: 1.327 Thread 0x0000021c46515cd0 DEOPT PACKING pc=0x0000021c4a5bd255 sp=0x0000004dc3efdaf0
Event: 1.327 Thread 0x0000021c46515cd0 DEOPT UNPACKING pc=0x0000021c49c17143 sp=0x0000004dc3efcf98 mode 3
Event: 2.413 Thread 0x0000021c46515cd0 DEOPT PACKING pc=0x0000021c4a793dfd sp=0x0000004dc3efca00
Event: 2.413 Thread 0x0000021c46515cd0 DEOPT UNPACKING pc=0x0000021c49c17143 sp=0x0000004dc3efbf68 mode 3

Classes unloaded (0 events):
No events

Classes redefined (0 events):
No events

Internal exceptions (20 events):
Event: 2.010 Thread 0x0000021c46515cd0 Exception <a 'java/lang/NoSuchMethodError'{0x000000008c3d14e8}: 'java.lang.Object java.lang.invoke.DirectMethodHandle$Holder.invokeSpecialIFC(java.lang.Object, java.lang.Object, java.lang.Object)'> (0x000000008c3d14e8) 
thrown [s\src\hotspot\share\interpreter\linkResolver.cpp, line 759]
Event: 2.117 Thread 0x0000021c46515cd0 Exception <a 'java/lang/NoSuchMethodError'{0x0000000090bac130}: 'void java.lang.invoke.DirectMethodHandle$Holder.invokeInterface(java.lang.Object, java.lang.Object, int)'> (0x0000000090bac130) 
thrown [s\src\hotspot\share\interpreter\linkResolver.cpp, line 759]
Event: 2.120 Thread 0x0000021c46515cd0 Exception <a 'java/lang/IncompatibleClassChangeError'{0x0000000090bfbd88}: Found class java.lang.Object, but interface was expected> (0x0000000090bfbd88) 
thrown [s\src\hotspot\share\interpreter\linkResolver.cpp, line 826]
Event: 2.121 Thread 0x0000021c46515cd0 Exception <a 'java/lang/NoSuchMethodError'{0x000000008ce148a0}: 'void java.lang.invoke.DirectMethodHandle$Holder.invokeStatic(java.lang.Object, int, java.lang.Object)'> (0x000000008ce148a0) 
thrown [s\src\hotspot\share\interpreter\linkResolver.cpp, line 759]
Event: 2.124 Thread 0x0000021c46515cd0 Exception <a 'java/lang/NoSuchMethodError'{0x000000008ce50d20}: 'void java.lang.invoke.DirectMethodHandle$Holder.invokeVirtual(java.lang.Object, java.lang.Object, int)'> (0x000000008ce50d20) 
thrown [s\src\hotspot\share\interpreter\linkResolver.cpp, line 759]
Event: 2.125 Thread 0x0000021c46515cd0 Exception <a 'java/lang/NoSuchMethodError'{0x000000008ce56f68}: 'void java.lang.invoke.DirectMethodHandle$Holder.invokeStatic(java.lang.Object, java.lang.Object, java.lang.Object, int, java.lang.Object)'> (0x000000008ce56f68) 
thrown [s\src\hotspot\share\interpreter\linkResolver.cpp, line 759]
Event: 2.125 Thread 0x0000021c46515cd0 Exception <a 'java/lang/NoSuchMethodError'{0x000000008ce5e470}: 'java.lang.Object java.lang.invoke.DirectMethodHandle$Holder.newInvokeSpecial(java.lang.Object, java.lang.Object, java.lang.Object, int)'> (0x000000008ce5e470) 
thrown [s\src\hotspot\share\interpreter\linkResolver.cpp, line 759]
Event: 2.125 Thread 0x0000021c46515cd0 Exception <a 'java/lang/NoSuchMethodError'{0x000000008ce62758}: 'java.lang.Object java.lang.invoke.DirectMethodHandle$Holder.invokeSpecial(java.lang.Object, java.lang.Object, java.lang.Object, java.lang.Object, int)'> (0x000000008ce62758) 
thrown [s\src\hotspot\share\interpreter\linkResolver.cpp, line 759]
Event: 2.126 Thread 0x0000021c46515cd0 Exception <a 'java/lang/NoSuchMethodError'{0x000000008ce66320}: 'java.lang.Object java.lang.invoke.Invokers$Holder.linkToTargetMethod(java.lang.Object, java.lang.Object, int, java.lang.Object)'> (0x000000008ce66320) 
thrown [s\src\hotspot\share\interpreter\linkResolver.cpp, line 759]
Event: 2.215 Thread 0x0000021c597fd650 Exception <a 'java/lang/reflect/InvocationTargetException'{0x000000008c8f7928}> (0x000000008c8f7928) 
thrown [s\src\hotspot\share\runtime\reflection.cpp, line 1121]
Event: 2.290 Thread 0x0000021c46515cd0 Exception <a 'java/lang/NoSuchMethodError'{0x000000008c40b630}: 'java.lang.Object java.lang.invoke.DirectMethodHandle$Holder.invokeSpecial(java.lang.Object, java.lang.Object, long, java.lang.Object, java.lang.Object, java.lang.Object, java.lang.Object, java.lang.Object, java.lang.Object)'> (0x000000008c40b630) 
thrown [s\src\hotspot\share\interpreter\linkResolver.cpp, line 759]
Event: 2.290 Thread 0x0000021c46515cd0 Exception <a 'java/lang/NoSuchMethodError'{0x000000008c410158}: 'java.lang.Object java.lang.invoke.DelegatingMethodHandle$Holder.reinvoke_L(java.lang.Object, long, java.lang.Object, java.lang.Object, java.lang.Object, java.lang.Object, java.lang.Object, java.lang.Object)'> (0x000000008c410158) 
thrown [s\src\hotspot\share\interpreter\linkResolver.cpp, line 759]
Event: 2.361 Thread 0x0000021c46515cd0 Exception <a 'java/io/FileNotFoundException'{0x000000008c1cb750}> (0x000000008c1cb750) 
thrown [s\src\hotspot\share\prims\jni.cpp, line 516]
Event: 2.383 Thread 0x0000021c46515cd0 Exception <a 'java/lang/NoSuchMethodError'{0x000000008bf76010}: 'int java.lang.invoke.DirectMethodHandle$Holder.invokeInterface(java.lang.Object, java.lang.Object, java.lang.Object, java.lang.Object)'> (0x000000008bf76010) 
thrown [s\src\hotspot\share\interpreter\linkResolver.cpp, line 759]
Event: 2.418 Thread 0x0000021c46515cd0 Exception <a 'java/lang/NoSuchMethodError'{0x000000008b882438}: 'long java.lang.invoke.DirectMethodHandle$Holder.invokeVirtual(java.lang.Object, java.lang.Object)'> (0x000000008b882438) 
thrown [s\src\hotspot\share\interpreter\linkResolver.cpp, line 759]
Event: 2.505 Thread 0x0000021c46515cd0 Exception <a 'sun/nio/fs/WindowsException'{0x000000008b2bfeb0}> (0x000000008b2bfeb0) 
thrown [s\src\hotspot\share\prims\jni.cpp, line 516]
Event: 2.718 Thread 0x0000021c597fd650 Exception <a 'java/lang/reflect/InvocationTargetException'{0x000000008cc6dc78}> (0x000000008cc6dc78) 
thrown [s\src\hotspot\share\runtime\reflection.cpp, line 1121]
Event: 2.941 Thread 0x0000021c46515cd0 Exception <a 'java/lang/NoSuchMethodError'{0x000000008c05f798}: 'int java.lang.invoke.DirectMethodHandle$Holder.invokeStatic(java.lang.Object)'> (0x000000008c05f798) 
thrown [s\src\hotspot\share\interpreter\linkResolver.cpp, line 759]
Event: 3.071 Thread 0x0000021c46515cd0 Exception <a 'sun/nio/fs/WindowsException'{0x000000008b7413b8}> (0x000000008b7413b8) 
thrown [s\src\hotspot\share\prims\jni.cpp, line 516]
Event: 3.077 Thread 0x0000021c46515cd0 Exception <a 'java/lang/NoSuchMethodError'{0x000000008b7625d8}: 'int java.lang.invoke.DirectMethodHandle$Holder.invokeStaticInit(java.lang.Object, java.lang.Object, java.lang.Object, java.lang.Object)'> (0x000000008b7625d8) 
thrown [s\src\hotspot\share\interpreter\linkResolver.cpp, line 759]

VM Operations (20 events):
Event: 2.303 Executing VM operation: HandshakeAllThreads done
Event: 2.339 Executing VM operation: HandshakeAllThreads
Event: 2.339 Executing VM operation: HandshakeAllThreads done
Event: 2.356 Executing VM operation: HandshakeAllThreads
Event: 2.356 Executing VM operation: HandshakeAllThreads done
Event: 2.395 Executing VM operation: HandshakeAllThreads
Event: 2.395 Executing VM operation: HandshakeAllThreads done
Event: 2.395 Executing VM operation: HandshakeAllThreads
Event: 2.395 Executing VM operation: HandshakeAllThreads done
Event: 2.424 Executing VM operation: HandshakeAllThreads
Event: 2.424 Executing VM operation: HandshakeAllThreads done
Event: 2.454 Executing VM operation: HandshakeAllThreads
Event: 2.454 Executing VM operation: HandshakeAllThreads done
Event: 2.639 Executing VM operation: G1CollectForAllocation
Event: 2.646 Executing VM operation: G1CollectForAllocation done
Event: 3.071 Executing VM operation: HandshakeAllThreads
Event: 3.071 Executing VM operation: HandshakeAllThreads done
Event: 3.074 Executing VM operation: HandshakeAllThreads
Event: 3.074 Executing VM operation: HandshakeAllThreads done
Event: 3.093 Executing VM operation: G1CollectForAllocation

Events (20 events):
Event: 3.091 loading class java/security/KeyPairGeneratorSpi done
Event: 3.091 loading class java/security/KeyPairGenerator done
Event: 3.092 loading class java/security/spec/InvalidParameterSpecException
Event: 3.092 loading class java/security/spec/InvalidParameterSpecException done
Event: 3.092 loading class sun/security/util/ECUtil
Event: 3.092 loading class sun/security/util/ECUtil done
Event: 3.092 loading class java/security/AlgorithmParameters
Event: 3.092 loading class java/security/AlgorithmParameters done
Event: 3.092 loading class java/security/AlgorithmParametersSpi
Event: 3.092 loading class java/security/AlgorithmParametersSpi done
Event: 3.092 loading class sun/security/util/ECParameters
Event: 3.092 loading class sun/security/util/ECParameters done
Event: 3.092 loading class sun/security/util/ECKeySizeParameterSpec
Event: 3.092 loading class sun/security/util/ECKeySizeParameterSpec done
Event: 3.092 loading class java/security/spec/ECGenParameterSpec
Event: 3.092 loading class java/security/spec/NamedParameterSpec
Event: 3.092 loading class java/security/spec/NamedParameterSpec done
Event: 3.092 loading class java/security/spec/ECGenParameterSpec done
Event: 3.092 loading class java/security/KeyPairGenerator$Delegate
Event: 3.092 loading class java/security/KeyPairGenerator$Delegate done


Dynamic libraries:
0x00007ff7401e0000 - 0x00007ff7401ee000 	C:\Users\ASUS\Downloads\sts-4.20.0.RELEASE\plugins\org.eclipse.justj.openjdk.hotspot.jre.full.win32.x86_64_17.0.8.v20230831-1047\jre\bin\javaw.exe
0x00007ffe84b70000 - 0x00007ffe84d87000 	C:\WINDOWS\SYSTEM32\ntdll.dll
0x00007ffe83290000 - 0x00007ffe83354000 	C:\WINDOWS\System32\KERNEL32.DLL
0x00007ffe82510000 - 0x00007ffe828b6000 	C:\WINDOWS\System32\KERNELBASE.dll
0x00007ffe81ee0000 - 0x00007ffe81ff1000 	C:\WINDOWS\System32\ucrtbase.dll
0x00007ffe735c0000 - 0x00007ffe735d7000 	C:\Users\ASUS\Downloads\sts-4.20.0.RELEASE\plugins\org.eclipse.justj.openjdk.hotspot.jre.full.win32.x86_64_17.0.8.v20230831-1047\jre\bin\jli.dll
0x00007ffe735e0000 - 0x00007ffe735f9000 	C:\Users\ASUS\Downloads\sts-4.20.0.RELEASE\plugins\org.eclipse.justj.openjdk.hotspot.jre.full.win32.x86_64_17.0.8.v20230831-1047\jre\bin\VCRUNTIME140.dll
0x00007ffe82f30000 - 0x00007ffe830de000 	C:\WINDOWS\System32\USER32.dll
0x00007ffe82080000 - 0x00007ffe820a6000 	C:\WINDOWS\System32\win32u.dll
0x00007ffe6f110000 - 0x00007ffe6f3a3000 	C:\WINDOWS\WinSxS\amd64_microsoft.windows.common-controls_6595b64144ccf1df_6.0.22621.2506_none_270c5ae97388e100\COMCTL32.dll
0x00007ffe84210000 - 0x00007ffe84239000 	C:\WINDOWS\System32\GDI32.dll
0x00007ffe84450000 - 0x00007ffe844f7000 	C:\WINDOWS\System32\msvcrt.dll
0x00007ffe820b0000 - 0x00007ffe821c8000 	C:\WINDOWS\System32\gdi32full.dll
0x00007ffe82470000 - 0x00007ffe8250a000 	C:\WINDOWS\System32\msvcp_win.dll
0x00007ffe828c0000 - 0x00007ffe828f1000 	C:\WINDOWS\System32\IMM32.DLL
0x00007ffe7d2c0000 - 0x00007ffe7d2cc000 	C:\Users\ASUS\Downloads\sts-4.20.0.RELEASE\plugins\org.eclipse.justj.openjdk.hotspot.jre.full.win32.x86_64_17.0.8.v20230831-1047\jre\bin\vcruntime140_1.dll
0x00007ffe72450000 - 0x00007ffe724e1000 	C:\Users\ASUS\Downloads\sts-4.20.0.RELEASE\plugins\org.eclipse.justj.openjdk.hotspot.jre.full.win32.x86_64_17.0.8.v20230831-1047\jre\bin\msvcp140.dll
0x00007ffdf8be0000 - 0x00007ffdf982c000 	C:\Users\ASUS\Downloads\sts-4.20.0.RELEASE\plugins\org.eclipse.justj.openjdk.hotspot.jre.full.win32.x86_64_17.0.8.v20230831-1047\jre\bin\server\jvm.dll
0x00007ffe84240000 - 0x00007ffe842f1000 	C:\WINDOWS\System32\ADVAPI32.dll
0x00007ffe831e0000 - 0x00007ffe83285000 	C:\WINDOWS\System32\sechost.dll
0x00007ffe82e10000 - 0x00007ffe82f27000 	C:\WINDOWS\System32\RPCRT4.dll
0x00007ffe6bdc0000 - 0x00007ffe6bdc9000 	C:\WINDOWS\SYSTEM32\WSOCK32.dll
0x00007ffe7b050000 - 0x00007ffe7b084000 	C:\WINDOWS\SYSTEM32\WINMM.dll
0x00007ffe7a330000 - 0x00007ffe7a33a000 	C:\WINDOWS\SYSTEM32\VERSION.dll
0x00007ffe84ab0000 - 0x00007ffe84b21000 	C:\WINDOWS\System32\WS2_32.dll
0x00007ffe81b50000 - 0x00007ffe81b9d000 	C:\WINDOWS\SYSTEM32\POWRPROF.dll
0x00007ffe81b10000 - 0x00007ffe81b23000 	C:\WINDOWS\SYSTEM32\UMPDC.dll
0x00007ffe80eb0000 - 0x00007ffe80ec8000 	C:\WINDOWS\SYSTEM32\kernel.appcore.dll
0x00007ffe59e60000 - 0x00007ffe59e6a000 	C:\Users\ASUS\Downloads\sts-4.20.0.RELEASE\plugins\org.eclipse.justj.openjdk.hotspot.jre.full.win32.x86_64_17.0.8.v20230831-1047\jre\bin\jimage.dll
0x00007ffe78560000 - 0x00007ffe78793000 	C:\WINDOWS\SYSTEM32\DBGHELP.DLL
0x00007ffe84710000 - 0x00007ffe84a99000 	C:\WINDOWS\System32\combase.dll
0x00007ffe84580000 - 0x00007ffe84657000 	C:\WINDOWS\System32\OLEAUT32.dll
0x00007ffe782e0000 - 0x00007ffe78312000 	C:\WINDOWS\SYSTEM32\dbgcore.DLL
0x00007ffe82000000 - 0x00007ffe8207a000 	C:\WINDOWS\System32\bcryptPrimitives.dll
0x00007ffe48160000 - 0x00007ffe48185000 	C:\Users\ASUS\Downloads\sts-4.20.0.RELEASE\plugins\org.eclipse.justj.openjdk.hotspot.jre.full.win32.x86_64_17.0.8.v20230831-1047\jre\bin\java.dll
0x00007ffe59050000 - 0x00007ffe59068000 	C:\Users\ASUS\Downloads\sts-4.20.0.RELEASE\plugins\org.eclipse.justj.openjdk.hotspot.jre.full.win32.x86_64_17.0.8.v20230831-1047\jre\bin\zip.dll
0x00007ffe839b0000 - 0x00007ffe8420a000 	C:\WINDOWS\System32\SHELL32.dll
0x00007ffe7fdb0000 - 0x00007ffe806a6000 	C:\WINDOWS\SYSTEM32\windows.storage.dll
0x00007ffe7fc70000 - 0x00007ffe7fdae000 	C:\WINDOWS\SYSTEM32\wintypes.dll
0x00007ffe830e0000 - 0x00007ffe831d3000 	C:\WINDOWS\System32\SHCORE.dll
0x00007ffe82d00000 - 0x00007ffe82d5e000 	C:\WINDOWS\System32\shlwapi.dll
0x00007ffe81e10000 - 0x00007ffe81e36000 	C:\WINDOWS\SYSTEM32\profapi.dll
0x00007ffe58dd0000 - 0x00007ffe58de9000 	C:\Users\ASUS\Downloads\sts-4.20.0.RELEASE\plugins\org.eclipse.justj.openjdk.hotspot.jre.full.win32.x86_64_17.0.8.v20230831-1047\jre\bin\net.dll
0x00007ffe7c5b0000 - 0x00007ffe7c6e7000 	C:\WINDOWS\SYSTEM32\WINHTTP.dll
0x00007ffe81340000 - 0x00007ffe813a9000 	C:\WINDOWS\system32\mswsock.dll
0x00007ffe55e60000 - 0x00007ffe55e75000 	C:\Users\ASUS\Downloads\sts-4.20.0.RELEASE\plugins\org.eclipse.justj.openjdk.hotspot.jre.full.win32.x86_64_17.0.8.v20230831-1047\jre\bin\nio.dll
0x00007ffe59e70000 - 0x00007ffe59e79000 	C:\Users\ASUS\Downloads\sts-4.20.0.RELEASE\plugins\org.eclipse.justj.openjdk.hotspot.jre.full.win32.x86_64_17.0.8.v20230831-1047\jre\bin\management.dll
0x00007ffe595f0000 - 0x00007ffe595fb000 	C:\Users\ASUS\Downloads\sts-4.20.0.RELEASE\plugins\org.eclipse.justj.openjdk.hotspot.jre.full.win32.x86_64_17.0.8.v20230831-1047\jre\bin\management_ext.dll
0x00007ffe82e00000 - 0x00007ffe82e08000 	C:\WINDOWS\System32\PSAPI.DLL
0x00007ffe5cd50000 - 0x00007ffe5cd67000 	C:\WINDOWS\system32\napinsp.dll
0x00007ffe5cd30000 - 0x00007ffe5cd4b000 	C:\WINDOWS\system32\pnrpnsp.dll
0x00007ffe80940000 - 0x00007ffe80a39000 	C:\WINDOWS\SYSTEM32\DNSAPI.dll
0x00007ffe80910000 - 0x00007ffe8093d000 	C:\WINDOWS\SYSTEM32\IPHLPAPI.DLL
0x00007ffe82ac0000 - 0x00007ffe82ac9000 	C:\WINDOWS\System32\NSI.dll
0x00007ffe5ccf0000 - 0x00007ffe5cd01000 	C:\WINDOWS\System32\winrnr.dll
0x00007ffe5ccd0000 - 0x00007ffe5cce5000 	C:\WINDOWS\system32\wshbth.dll
0x00007ffe58940000 - 0x00007ffe58961000 	C:\WINDOWS\system32\nlansp_c.dll
0x00007ffe7ad90000 - 0x00007ffe7ad9a000 	C:\Windows\System32\rasadhlp.dll
0x00007ffe7b380000 - 0x00007ffe7b403000 	C:\WINDOWS\System32\fwpuclnt.dll
0x00007ffe815b0000 - 0x00007ffe815cb000 	C:\WINDOWS\SYSTEM32\CRYPTSP.dll
0x00007ffe80e10000 - 0x00007ffe80e45000 	C:\WINDOWS\system32\rsaenh.dll
0x00007ffe81450000 - 0x00007ffe8147c000 	C:\WINDOWS\SYSTEM32\USERENV.dll
0x00007ffe817f0000 - 0x00007ffe81818000 	C:\WINDOWS\SYSTEM32\bcrypt.dll
0x00007ffe817b0000 - 0x00007ffe817bc000 	C:\WINDOWS\SYSTEM32\CRYPTBASE.dll
0x00007ffe7c400000 - 0x00007ffe7c419000 	C:\WINDOWS\SYSTEM32\dhcpcsvc6.DLL
0x00007ffe7c3e0000 - 0x00007ffe7c3ff000 	C:\WINDOWS\SYSTEM32\dhcpcsvc.DLL
0x00007ffe4f8d0000 - 0x00007ffe4f8de000 	C:\Users\ASUS\Downloads\sts-4.20.0.RELEASE\plugins\org.eclipse.justj.openjdk.hotspot.jre.full.win32.x86_64_17.0.8.v20230831-1047\jre\bin\sunmscapi.dll
0x00007ffe821d0000 - 0x00007ffe82336000 	C:\WINDOWS\System32\CRYPT32.dll
0x00007ffe817c0000 - 0x00007ffe817ed000 	C:\WINDOWS\SYSTEM32\ncrypt.dll
0x00007ffe81770000 - 0x00007ffe817a7000 	C:\WINDOWS\SYSTEM32\NTASN1.dll
0x00007ffe53e80000 - 0x00007ffe53e90000 	C:\Users\ASUS\Downloads\sts-4.20.0.RELEASE\plugins\org.eclipse.justj.openjdk.hotspot.jre.full.win32.x86_64_17.0.8.v20230831-1047\jre\bin\verify.dll

dbghelp: loaded successfully - version: 4.0.5 - missing functions: none
symbol engine: initialized successfully - sym options: 0x614 - pdb path: .;C:\Users\ASUS\Downloads\sts-4.20.0.RELEASE\plugins\org.eclipse.justj.openjdk.hotspot.jre.full.win32.x86_64_17.0.8.v20230831-1047\jre\bin;C:\WINDOWS\SYSTEM32;C:\WINDOWS\WinSxS\amd64_microsoft.windows.common-controls_6595b64144ccf1df_6.0.22621.2506_none_270c5ae97388e100;C:\Users\ASUS\Downloads\sts-4.20.0.RELEASE\plugins\org.eclipse.justj.openjdk.hotspot.jre.full.win32.x86_64_17.0.8.v20230831-1047\jre\bin\server

VM Arguments:
jvm_args: -Dcom.sun.management.jmxremote -Dcom.sun.management.jmxremote.port=58203 -Dcom.sun.management.jmxremote.authenticate=false -Dcom.sun.management.jmxremote.ssl=false -Djava.rmi.server.hostname=localhost -Dspring.jmx.enabled=true -Dmanagement.endpoints.jmx.exposure.include=* -Dspring.application.admin.enabled=true -XX:TieredStopAtLevel=1 -Dspring.boot.project.name=WhatchlistApp -Dfile.encoding=UTF-8 -Dstdout.encoding=UTF-8 -Dstderr.encoding=UTF-8 -XX:+ShowCodeDetailsInExceptionMessages 
java_command: com.example.prajjwal.watchlistApp.WhatchlistAppApplication --spring.output.ansi.enabled=always
java_class_path (initial): C:\Users\ASUS\Documents\workspace-spring\WhatchlistApp\target\classes;C:\Users\ASUS\.m2\repository\org\springframework\boot\spring-boot-starter-data-jdbc\3.1.7\spring-boot-starter-data-jdbc-3.1.7.jar;C:\Users\ASUS\.m2\repository\org\springframework\data\spring-data-jdbc\3.1.7\spring-data-jdbc-3.1.7.jar;C:\Users\ASUS\.m2\repository\org\springframework\data\spring-data-relational\3.1.7\spring-data-relational-3.1.7.jar;C:\Users\ASUS\.m2\repository\org\springframework\data\spring-data-commons\3.1.7\spring-data-commons-3.1.7.jar;C:\Users\ASUS\.m2\repository\org\springframework\spring-tx\6.0.15\spring-tx-6.0.15.jar;C:\Users\ASUS\.m2\repository\org\springframework\spring-context\6.0.15\spring-context-6.0.15.jar;C:\Users\ASUS\.m2\repository\org\springframework\spring-beans\6.0.15\spring-beans-6.0.15.jar;C:\Users\ASUS\.m2\repository\org\slf4j\slf4j-api\2.0.9\slf4j-api-2.0.9.jar;C:\Users\ASUS\.m2\repository\org\springframework\boot\spring-boot-starter-data-jpa\3.1.7\spring-boot-starter-data-jpa-3.1.7.jar;C:\Users\ASUS\.m2\repository\org\springframework\boot\spring-boot-starter-aop\3.1.7\spring-boot-starter-aop-3.1.7.jar;C:\Users\ASUS\.m2\repository\org\springframework\spring-aop\6.0.15\spring-aop-6.0.15.jar;C:\Users\ASUS\.m2\repository\org\aspectj\aspectjweaver\1.9.21\aspectjweaver-1.9.21.jar;C:\Users\ASUS\.m2\repository\org\hibernate\orm\hibernate-core\6.2.17.Final\hibernate-core-6.2.17.Final.jar;C:\Users\ASUS\.m2\repository\jakarta\persistence\jakarta.persistence-api\3.1.0\jakarta.persistence-api-3.1.0.jar;C:\Users\ASUS\.m2\repository\jakarta\transaction\jakarta.transaction-api\2.0.1\jakarta.transaction-api-2.0.1.jar;C:\Users\ASUS\.m2\repository\org\jboss\logging\jboss-logging\3.5.3.Final\jboss-logging-3.5.3.Final.jar;C:\Users\ASUS\.m2\repository\org\hibernate\common\hibernate-commons-annotations\6.0.6.Final\hibernate-commons-annotations-6.0.6.Final.jar;C:\Users\ASUS\.m2\repository\io\smallrye\jandex\3.0.5\jandex-3.0.5.jar;C:\Users\ASUS\.m2\repo
Launcher Type: SUN_STANDARD

[Global flags]
     intx CICompilerCount                          = 12                                        {product} {ergonomic}
     uint ConcGCThreads                            = 3                                         {product} {ergonomic}
     uint G1ConcRefinementThreads                  = 13                                        {product} {ergonomic}
   size_t G1HeapRegionSize                         = 1048576                                   {product} {ergonomic}
    uintx GCDrainStackTargetSize                   = 64                                        {product} {ergonomic}
   size_t InitialHeapSize                          = 125829120                                 {product} {ergonomic}
     bool ManagementServer                         = true                                      {product} {command line}
   size_t MarkStackSize                            = 4194304                                   {product} {ergonomic}
   size_t MaxHeapSize                              = 1992294400                                {product} {ergonomic}
   size_t MaxNewSize                               = 1195376640                                {product} {ergonomic}
   size_t MinHeapDeltaBytes                        = 1048576                                   {product} {ergonomic}
   size_t MinHeapSize                              = 8388608                                   {product} {ergonomic}
    uintx NonProfiledCodeHeapSize                  = 0                                      {pd product} {ergonomic}
     bool ProfileInterpreter                       = false                                  {pd product} {command line}
    uintx ProfiledCodeHeapSize                     = 0                                      {pd product} {ergonomic}
     bool ShowCodeDetailsInExceptionMessages       = true                                   {manageable} {command line}
   size_t SoftMaxHeapSize                          = 1992294400                             {manageable} {ergonomic}
     intx TieredStopAtLevel                        = 1                                         {product} {command line}
     bool UseCompressedClassPointers               = true                           {product lp64_product} {ergonomic}
     bool UseCompressedOops                        = true                           {product lp64_product} {ergonomic}
     bool UseG1GC                                  = true                                      {product} {ergonomic}
     bool UseLargePagesIndividualAllocation        = false                                  {pd product} {ergonomic}

Logging:
Log output configuration:
 #0: stdout all=warning uptime,level,tags
 #1: stderr all=off uptime,level,tags

Environment Variables:
PATH=C:/Users/ASUS/Downloads/sts-4.20.0.RELEASE//plugins/org.eclipse.justj.openjdk.hotspot.jre.full.win32.x86_64_17.0.8.v20230831-1047/jre/bin/server;C:/Users/ASUS/Downloads/sts-4.20.0.RELEASE//plugins/org.eclipse.justj.openjdk.hotspot.jre.full.win32.x86_64_17.0.8.v20230831-1047/jre/bin;C:\Program Files\Common Files\Oracle\Java\javapath;C:\Windows\system32;C:\Windows;C:\Windows\System32\Wbem;C:\Windows\System32\WindowsPowerShell\v1.0\;C:\Windows\System32\OpenSSH\;C:\Program Files (x86)\NVIDIA Corporation\PhysX\Common;C:\Program Files\NVIDIA Corporation\NVIDIA NvDLISR;C:\MinGW\bin;C:\MinGW\bin\g++.exe;C:\Program Files\Git\cmd;C:\WINDOWS\system32;C:\WINDOWS;C:\WINDOWS\System32\Wbem;C:\WINDOWS\System32\WindowsPowerShell\v1.0\;C:\WINDOWS\System32\OpenSSH\;C:\Program Files\MySQL\MySQL Server 8.0\bin;C:\Program Files\dotnet\;C:\Program Files\MySQL\MySQL Shell 8.0\bin\;C:\Users\ASUS\AppData\Local\Microsoft\WindowsApps;C:\Program Files\JetBrains\IntelliJ IDEA 2022.3.1\bin;;C:\Program Files\Java\IntelliJ IDEA Community Edition 2022.3.1\bin;;C:\Users\ASUS\AppData\Local\Programs\Microsoft VS Code\bin;C:\Users\ASUS\Downloads\sts-4.20.0.RELEASE;
USERNAME=ASUS
OS=Windows_NT
PROCESSOR_IDENTIFIER=AMD64 Family 23 Model 96 Stepping 1, AuthenticAMD
TMP=C:\Users\ASUS\AppData\Local\Temp
TEMP=C:\Users\ASUS\AppData\Local\Temp



---------------  S Y S T E M  ---------------

OS:
 Windows 11 , 64 bit Build 22621 (10.0.22621.2506)
OS uptime: 0 days 11:15 hours
Hyper-V role detected

CPU: total 16 (initial active 16) (16 cores per cpu, 2 threads per core) family 23 model 96 stepping 1 microcode 0x0, cx8, cmov, fxsr, ht, mmx, 3dnowpref, sse, sse2, sse3, ssse3, sse4a, sse4.1, sse4.2, popcnt, lzcnt, tsc, tscinvbit, avx, avx2, aes, clmul, bmi1, bmi2, adx, sha, fma, vzeroupper, clflush, clflushopt, hv
Processor Information for all 16 processors :
  Max Mhz: 2901, Current Mhz: 2901, Mhz Limit: 2901

Memory: 4k page, system-wide physical 7597M (1068M free)
TotalPageFile size 24857M (AvailPageFile size 16M)
current process WorkingSet (physical memory assigned to process): 172M, peak: 172M
current process commit charge ("private bytes"): 219M, peak: 234M

vm_info: OpenJDK 64-Bit Server VM (17.0.8.1+1) for windows-amd64 JRE (17.0.8.1+1), built on Aug 23 2023 15:29:17 by "admin" with MS VC++ 16.7 (VS2019)

END.
